<?xml version="1.0" encoding="UTF-8"?>
<!-- Generated by org.testng.reporters.JUnitXMLReporter -->
<testsuite ignored="5" hostname="BilalKaya" failures="0" tests="1" name="Surefire test" time="92.99" errors="0" timestamp="2025-07-05T19:20:25 TRT">
  <testcase classname="com.testautomation.tests.LoginTests" name="testSuccessfulLogin" time="88.197"/>
  <testcase classname="com.testautomation.tests.LoginTests" name="testLoginWithEmptyFields" time="0.0">
    <ignored/>
  </testcase> <!-- testLoginWithEmptyFields -->
  <testcase classname="com.testautomation.tests.LoginTests" name="testLoginWithRememberMe" time="0.0">
    <ignored/>
  </testcase> <!-- testLoginWithRememberMe -->
  <testcase classname="com.testautomation.tests.LoginTests" name="testLoginWithInvalidPassword" time="0.0">
    <ignored/>
  </testcase> <!-- testLoginWithInvalidPassword -->
  <testcase classname="com.testautomation.tests.LoginTests" name="testLoginWithInvalidEmail" time="0.0">
    <ignored/>
  </testcase> <!-- testLoginWithInvalidEmail -->
  <testcase classname="com.testautomation.tests.LoginTests" name="testLoginPageElementsLoading" time="0.0">
    <ignored/>
  </testcase> <!-- testLoginPageElementsLoading -->
</testsuite> <!-- Surefire test -->
