<?xml version="1.0" encoding="UTF-8"?>
<testsuite xmlns:xsi="http://www.w3.org/2001/XMLSchema-instance" xsi:noNamespaceSchemaLocation="https://maven.apache.org/surefire/maven-surefire-plugin/xsd/surefire-test-report.xsd" version="3.0.2" name="com.example.spring_boot_ex_04.SpringContextTest" time="0.013" tests="1" errors="0" skipped="0" failures="0">
  <properties>
[...]
</properties>
  <testcase name="contextLoads" classname="com.example.spring_boot_ex_04.SpringContextTest" time="0.005">
    <system-out><![CDATA[2025-07-04T14:37:09.442+03:00  INFO 6384 --- [Bootstrap Spring Boot] [           main] t.c.s.AnnotationConfigContextLoaderUtils : Could not detect default configuration classes for test class [com.example.spring_boot_ex_04.SpringContextTest]: SpringContextTest does not declare any static, non-private, non-final, nested classes annotated with @Configuration.
2025-07-04T14:37:09.445+03:00  INFO 6384 --- [Bootstrap Spring Boot] [           main] .b.t.c.SpringBootTestContextBootstrapper : Found @SpringBootConfiguration com.example.spring_boot_ex_04.SpringBootEx04Application for test class com.example.spring_boot_ex_04.SpringContextTest
]]></system-out>
  </testcase>
</testsuite>