<?xml version="1.0" encoding="UTF-8"?>
<testng-results ignored="0" total="1" passed="1" failed="0" skipped="0">
  <reporter-output>
  </reporter-output>
  <suite started-at="2025-07-05T19:18:52 TRT" name="Surefire suite" finished-at="2025-07-05T19:20:25 TRT" duration-ms="92990">
    <groups>
    </groups>
    <test started-at="2025-07-05T19:18:52 TRT" name="Surefire test" finished-at="2025-07-05T19:20:25 TRT" duration-ms="92990">
      <class name="com.testautomation.tests.LoginTests">
        <test-method is-config="true" signature="setUp()[pri:0, instance:com.testautomation.tests.LoginTests@77167fb7]" started-at="2025-07-05T19:18:52 TRT" name="setUp" finished-at="2025-07-05T19:18:57 TRT" duration-ms="4480" status="PASS">
          <reporter-output>
          </reporter-output>
        </test-method> <!-- setUp -->
        <test-method signature="testSuccessfulLogin()[pri:1, instance:com.testautomation.tests.LoginTests@77167fb7]" started-at="2025-07-05T19:18:57 TRT" name="testSuccessfulLogin" description="TRENDYOL Geçerli kullanıcı bilgileri ile başarılı login testi" finished-at="2025-07-05T19:20:25 TRT" duration-ms="88197" status="PASS">
          <reporter-output>
          </reporter-output>
        </test-method> <!-- testSuccessfulLogin -->
        <test-method is-config="true" signature="tearDown()[pri:0, instance:com.testautomation.tests.LoginTests@77167fb7]" started-at="2025-07-05T19:20:25 TRT" name="tearDown" finished-at="2025-07-05T19:20:25 TRT" duration-ms="283" status="PASS">
          <reporter-output>
          </reporter-output>
        </test-method> <!-- tearDown -->
      </class> <!-- com.testautomation.tests.LoginTests -->
    </test> <!-- Surefire test -->
  </suite> <!-- Surefire suite -->
</testng-results>
