<?xml version="1.0" encoding="UTF-8"?>
<testsuite xmlns:xsi="http://www.w3.org/2001/XMLSchema-instance" xsi:noNamespaceSchemaLocation="https://maven.apache.org/surefire/maven-surefire-plugin/xsd/surefire-test-report-3.0.xsd" version="3.0" name="com.testautomation.tests.LoginTests" time="93.404" tests="1" errors="0" skipped="0" failures="0">
  <properties>
[...]
</properties>
  <testcase name="testSuccessfulLogin" classname="com.testautomation.tests.LoginTests" time="88.2">
    <system-out><![CDATA[
============================================================
🚀 TEST SETUP BAŞLADI
============================================================
📖 Konfigürasyon dosyası yükleniyor...
✅ Konfigürasyon başarıyla yüklendi: src/main/resources/config.properties
📋 Yüklenen ayarlar:
   🌐 Base URL: https://www.trendyol.com
   📧 Email: b.kaya.1@icloud.com
   🌍 Browser: chrome
   ⏱️ Implicit Wait: 4 saniye
🌐 Browser başlatılıyor: chrome
✅ chrome WebDriver başarıyla başlatıldı
⚙️ Browser ayarları yapılıyor...
   📺 Pencere maksimize edildi
   ⏱️ Implicit wait: 5 saniye
   📄 Page load timeout: 15 saniye
✅ Browser ayarları tamamlandı
🔗 Ana sayfaya gidiliyor: https://www.trendyol.com
✅ Sayfa başarıyla yüklendi
📄 Sayfa başlığı: En Trend Ürünler Türkiye'nin Online Alışveriş Sitesi Trendyol'da
✅ Setup başarıyla tamamlandı!
============================================================

================================================================================
🚀 TEST BAŞLADI: testSuccessfulLogin
📝 AÇIKLAMA: Geçerli email ve şifre ile TRENDYOL'a başarılı giriş testi
⏰ BAŞLAMA ZAMANı: 05/07/2025 19:18:57
================================================================================
📋 ADIM 1: LoginPage ve HomePage nesneleri oluşturuluyor
🔐 Güncel TRENDYOL LoginPage sınıfı başlatıldı (2025)
⏰ WebDriverWait süresi: 15 saniye (HIZ OPTİMİZE)
🚀 Basit header button sistemi kullanılıyor (dropdown yok)
🎯 Spesifik ID'ler: login-email, login-password
🏠 TRENDYOL HomePage sınıfı başlatıldı (2025)
⏰ WebDriverWait süresi: 15 saniye (HIZ OPTİMİZE)
📸 Screenshot başarıyla alındı:
   📁 Dosya: testSuccessfulLogin_Start_INFO_20250705_191857.png
   📂 Konum: C:\Users\bkaya\OneDrive\Masaüstü\Desktop\i2i-projeler\TESTAUT-EX-01\screenshots\testSuccessfulLogin_Start_INFO_20250705_191857.png
📋 ADIM 2: Konfigürasyon dosyasından test bilgileri alınıyor
📧 Test Email: b.kaya.1@icloud.com
🔒 Test Password: *********
📋 ADIM 3: Ana sayfanın yüklendiği kontrol ediliyor
🔍 TRENDYOL ana sayfası yükleme kontrolü...
   ✅ URL doğru: https://www.trendyol.com/
   📊 Sayfa durumu: complete
   📄 Sayfa başlığı: En Trend Ürünler Türkiye'nin Online Alışveriş Sitesi Trendyol'da
   🏗️ Body elementi: Var
✅ TRENDYOL ana sayfası başarıyla yüklendi
   🌐 Doğru URL: true
   📄 Sayfa yüklendi: true
🔄 Pop-up'lar kontrol ediliyor...
🔄 Trendyol pop-up'ları kontrol ediliyor ve kapatılıyor...
✅ Cookie pop-up'ı 'Kabul Et' ile kapatıldı
✅ Trendyol pop-up'ları başarıyla kapatıldı
✅ Ana sayfa başarıyla yüklendi
📋 ADIM 4: Login işlemi başlatılıyor

🔐 TRENDYOL GELİŞMİŞ LOGIN İŞLEMİ BAŞLADI
👤 Email: b.kaya.1@icloud.com
🕒 Timestamp: 2025-07-05T19:19:00.129200500

📍 ADIM 1: Login sayfasına yönlendirme
🔄 TRENDYOL Login sayfasına yönlendirme işlemi başlıyor...
📍 ADIM 1: TRENDYOL 'Giriş Yap' butonuna tıklanıyor...
🔄 TRENDYOL login butonuna tıklanıyor...
🔍 TRENDYOL 'Giriş Yap' butonu aranıyor (Direkt header'da)...
   ❌ Giriş Yap Direct Button ile bulunamadı
   ❌ Giriş Yap Link Button ile bulunamadı
   ❌ Giriş Yap Button ile bulunamadı
   ❌ Login Link ile bulunamadı
   ❌ Login Button By Class ile bulunamadı
   ❌ Login Button By Test ID ile bulunamadı
   ✅ Header Login Area ile bulundu
✅ TRENDYOL login butonuna normal tıklama ile başarıyla tıklandı
⏳ Login sayfasına yönlendirme bekleniyor...
🔗 Yönlendirme sonrası URL: https://www.trendyol.com/giris?cb=/hesabim/favoriler
🔗 Mevcut URL: https://www.trendyol.com/giris?cb=/hesabim/favoriler
📍 TRENDYOL Login sayfasında mıyız? ✅ Evet
✅ TRENDYOL LOGIN SAYFASINA BAŞARIYLA YÖNLENDİRİLDİ!
📄 Sayfa başlığı: 

📍 ADIM 2: Email girişi
📧 TRENDYOL Email girişi yapılıyor: b.kaya.1@icloud.com
🔍 TRENDYOL Email input alanı aranıyor...
   ✅ TRENDYOL Email ID='login-email' ile bulundu
✅ Email başarıyla girildi: b.kaya.1@icloud.com
📋 Alanda görünen değer: b.kaya.1@icloud.com

📍 ADIM 3: Şifre girişi
🔒 TRENDYOL Şifre girişi yapılıyor...
🔍 TRENDYOL Password input alanı aranıyor...
   ❌ TRENDYOL Password ID bulunamadı: no such element: Unable to locate element: {"method":"css selector","selector":"#login\-password"}
  (Session info: chrome=137.0.7151.122)
For documentation on this error, please visit: https://www.selenium.dev/documentation/webdriver/troubleshooting/errors#no-such-element-exception
Build info: version: '4.15.0', revision: '1d14b5521b'
System info: os.name: 'Windows 11', os.arch: 'amd64', os.version: '10.0', java.version: '21.0.7'
Driver info: org.openqa.selenium.chrome.ChromeDriver
Command: [93bd13addab0b4aff31542f8a91e226c, findElement {using=id, value=login-password}]
Capabilities {acceptInsecureCerts: false, browserName: chrome, browserVersion: 137.0.7151.122, chrome: {chromedriverVersion: 137.0.7151.119 (e0ac9d12dff..., userDataDir: C:\Users\bkaya\AppData\Loca...}, fedcm:accounts: true, goog:chromeOptions: {debuggerAddress: localhost:54847}, networkConnectionEnabled: false, pageLoadStrategy: normal, platformName: windows, proxy: Proxy(), se:cdp: ws://localhost:54847/devtoo..., se:cdpVersion: 137.0.7151.122, setWindowRect: true, strictFileInteractability: false, timeouts: {implicit: 0, pageLoad: 300000, script: 30000}, unhandledPromptBehavior: dismiss and notify, webauthn:extension:credBlob: true, webauthn:extension:largeBlob: true, webauthn:extension:minPinLength: true, webauthn:extension:prf: true, webauthn:virtualAuthenticators: true}
Session ID: 93bd13addab0b4aff31542f8a91e226c
   ❌ Password By Name ile bulunamadı
   ✅ Password By Type ile bulundu
✅ Şifre başarıyla girildi: *********
📋 Alanda görünen değer uzunluğu: 9

📍 ADIM 4: Login butonuna tıklama
🔘 Login butonuna tıklanıyor...
🔍 Submit button aranıyor...
   ✅ Submit By Type ile bulundu
✅ Login butonuna tıklandı

✅ TRENDYOL LOGIN İŞLEMİ TAMAMLANDI!
🔗 Son URL: https://www.trendyol.com/hesabim/favoriler?from=login
⏳ 2 saniye beklendi
📸 Screenshot başarıyla alındı:
   📁 Dosya: testSuccessfulLogin_AfterLogin_INFO_20250705_191949.png
   📂 Konum: C:\Users\bkaya\OneDrive\Masaüstü\Desktop\i2i-projeler\TESTAUT-EX-01\screenshots\testSuccessfulLogin_AfterLogin_INFO_20250705_191949.png
📋 ADIM 5: Login başarısı kontrol ediliyor
🔍 Login durumu kontrol ediliyor...
   ❌ Çıkış linki bulunamadı
   ❌ Kullanıcı menüsü bulunamadı
   ❌ Kullanıcı adı bulunamadı
   ✅ 'Giriş Yap' linki görünmüyor (bu iyi)
📊 Login durum analizi:
   🚪 Çıkış linki var: false
   👤 Kullanıcı menüsü var: false
   📝 Kullanıcı adı var: false
   🔐 Giriş linki yok: true
🎯 SONUÇ: ✅ GİRİŞ BAŞARILI
✅ LOGIN BAŞARILI - Kullanıcı giriş yapmış
📄 Sayfa başlığı: Online Alışveriş Sitesi, Türkiye’nin Trend Yolu | Trendyol
👤 Giriş yapan kullanıcı: Bilinmiyor
📄 Sayfa başlığı: Online Alışveriş Sitesi, Türkiye’nin Trend Yolu | Trendyol
📸 Screenshot başarıyla alındı:
   📁 Dosya: testSuccessfulLogin_SUCCESS_20250705_192025.png
   📂 Konum: C:\Users\bkaya\OneDrive\Masaüstü\Desktop\i2i-projeler\TESTAUT-EX-01\screenshots\testSuccessfulLogin_SUCCESS_20250705_192025.png

--------------------------------------------------------------------------------
🏁 TEST BİTTİ: testSuccessfulLogin
📊 SONUÇ: ✅ BAŞARILI
💬 MESAJ: Login başarılı! Kullanıcı: b.kaya.1@icloud.com
⏰ BİTİŞ ZAMANı: 05/07/2025 19:20:25
--------------------------------------------------------------------------------

]]></system-out>
    <system-err><![CDATA[SLF4J: Failed to load class "org.slf4j.impl.StaticLoggerBinder".
SLF4J: Defaulting to no-operation (NOP) logger implementation
SLF4J: See http://www.slf4j.org/codes.html#StaticLoggerBinder for further details.
Tem 05, 2025 7:18:54 ÖS org.openqa.selenium.devtools.CdpVersionFinder findNearestMatch
WARNING: Unable to find CDP implementation matching 137
Tem 05, 2025 7:18:54 ÖS org.openqa.selenium.chromium.ChromiumDriver lambda$new$5
WARNING: Unable to find version of CDP to use for 137.0.7151.122. You may need to include a dependency on a specific version of the CDP using something similar to `org.seleniumhq.selenium:selenium-devtools-v86:4.15.0` where the version ("v86") matches the version of the chromium-based browser you're using and the version number of the artifact is the same as Selenium's.
❌ Kullanıcı adı okunamadı: no such element: Unable to locate element: {"method":"xpath","selector":"//span[@data-test-id='header-user-name']"}
  (Session info: chrome=137.0.7151.122)
For documentation on this error, please visit: https://www.selenium.dev/documentation/webdriver/troubleshooting/errors#no-such-element-exception
Build info: version: '4.15.0', revision: '1d14b5521b'
System info: os.name: 'Windows 11', os.arch: 'amd64', os.version: '10.0', java.version: '21.0.7'
Driver info: org.openqa.selenium.chrome.ChromeDriver
Command: [93bd13addab0b4aff31542f8a91e226c, findElement {using=xpath, value=//span[@data-test-id='header-user-name']}]
Capabilities {acceptInsecureCerts: false, browserName: chrome, browserVersion: 137.0.7151.122, chrome: {chromedriverVersion: 137.0.7151.119 (e0ac9d12dff..., userDataDir: C:\Users\bkaya\AppData\Loca...}, fedcm:accounts: true, goog:chromeOptions: {debuggerAddress: localhost:54847}, networkConnectionEnabled: false, pageLoadStrategy: normal, platformName: windows, proxy: Proxy(), se:cdp: ws://localhost:54847/devtoo..., se:cdpVersion: 137.0.7151.122, setWindowRect: true, strictFileInteractability: false, timeouts: {implicit: 0, pageLoad: 300000, script: 30000}, unhandledPromptBehavior: dismiss and notify, webauthn:extension:credBlob: true, webauthn:extension:largeBlob: true, webauthn:extension:minPinLength: true, webauthn:extension:prf: true, webauthn:virtualAuthenticators: true}
Session ID: 93bd13addab0b4aff31542f8a91e226c
]]></system-err>
  </testcase>
</testsuite>